d:\adv-coding\of\addons\ofxkinectforwindows2\examplebodyindexcolor\obj\debug\ofapp.obj
d:\adv-coding\of\addons\ofxkinectforwindows2\examplebodyindexcolor\obj\debug\main.obj
d:\adv-coding\of\addons\ofxkinectforwindows2\examplebodyindexcolor\obj\debug\vc140.pdb
d:\of\addons\ofxkinectforwindows2\examplebodyindexcolor\obj\debug\main.obj
d:\of\addons\ofxkinectforwindows2\examplebodyindexcolor\obj\debug\ofapp.obj
d:\of\addons\ofxkinectforwindows2\examplebodyindexcolor\obj\debug\vc140.pdb
d:\adv-coding\of\addons\ofxkinectforwindows2\examplebodyindexcolor\bin\examplebodyindexcolor_debug.lib
d:\adv-coding\of\addons\ofxkinectforwindows2\examplebodyindexcolor\bin\examplebodyindexcolor_debug.exp
d:\of\addons\ofxkinectforwindows2\examplebodyindexcolor\bin\examplebodyindexcolor_debug.lib
d:\of\addons\ofxkinectforwindows2\examplebodyindexcolor\bin\examplebodyindexcolor_debug.exp
d:\adv-coding\of\addons\ofxkinectforwindows2\examplebodyindexcolor\bin\examplebodyindexcolor_debug.ilk
d:\adv-coding\of\addons\ofxkinectforwindows2\examplebodyindexcolor\bin\examplebodyindexcolor_debug.exe
d:\adv-coding\of\addons\ofxkinectforwindows2\examplebodyindexcolor\bin\examplebodyindexcolor_debug.pdb
d:\of\addons\ofxkinectforwindows2\examplebodyindexcolor\bin\examplebodyindexcolor_debug.ilk
d:\of\addons\ofxkinectforwindows2\examplebodyindexcolor\bin\examplebodyindexcolor_debug.exe
d:\of\addons\ofxkinectforwindows2\examplebodyindexcolor\bin\examplebodyindexcolor_debug.pdb
d:\adv-coding\of\addons\ofxkinectforwindows2\examplebodyindexcolor\obj\debug\icon.res
d:\of\addons\ofxkinectforwindows2\examplebodyindexcolor\obj\debug\icon.res
d:\of\addons\ofxkinectforwindows2\examplebodyindexcolor\obj\debug\examplebodyindexcolor.vcxprojresolveassemblyreference.cache
d:\of\addons\ofxkinectforwindows2\examplebodyindexcolor\obj\debug\exampleb.7fd42df7.tlog\cl.command.1.tlog
d:\of\addons\ofxkinectforwindows2\examplebodyindexcolor\obj\debug\exampleb.7fd42df7.tlog\cl.read.1.tlog
d:\of\addons\ofxkinectforwindows2\examplebodyindexcolor\obj\debug\exampleb.7fd42df7.tlog\cl.write.1.tlog
d:\of\addons\ofxkinectforwindows2\examplebodyindexcolor\obj\debug\exampleb.7fd42df7.tlog\examplebodyindexcolor.write.1u.tlog
d:\of\addons\ofxkinectforwindows2\examplebodyindexcolor\obj\debug\exampleb.7fd42df7.tlog\link.command.1.tlog
d:\of\addons\ofxkinectforwindows2\examplebodyindexcolor\obj\debug\exampleb.7fd42df7.tlog\link.read.1.tlog
d:\of\addons\ofxkinectforwindows2\examplebodyindexcolor\obj\debug\exampleb.7fd42df7.tlog\link.write.1.tlog
d:\of\addons\ofxkinectforwindows2\examplebodyindexcolor\obj\debug\exampleb.7fd42df7.tlog\rc.command.1.tlog
d:\of\addons\ofxkinectforwindows2\examplebodyindexcolor\obj\debug\exampleb.7fd42df7.tlog\rc.read.1.tlog
d:\of\addons\ofxkinectforwindows2\examplebodyindexcolor\obj\debug\exampleb.7fd42df7.tlog\rc.write.1.tlog
